<?xml version="1.0" encoding="UTF-8"?>
<!-- Generated by org.testng.reporters.JUnitReportReporter -->
<testsuite skipped="0" hostname="www-PC" name="MedeilLogin.Sales" tests="2" failures="0" timestamp="2022-03-22T18:25:47 IST" time="40.251" errors="0">
  <testcase name="b_sales" time="23.291" classname="MedeilLogin.Sales"/>
  <system-out/>
  <testcase name="a_login" time="16.960" classname="MedeilLogin.Sales"/>
  <system-out/>
</testsuite> <!-- MedeilLogin.Sales -->
