<?xml version="1.0" encoding="UTF-8"?>
<!-- Generated by org.testng.reporters.JUnitReportReporter -->
<testsuite skipped="0" hostname="www-PC" name="customer.CustomerRegister" tests="4" failures="0" timestamp="2022-04-02T14:01:02 IST" time="176.488" errors="0">
  <testcase name="loginPage" time="20.860" classname="customer.CustomerRegister"/>
  <system-out/>
  <testcase name="addEmployee" time="62.098" classname="customer.CustomerRegister"/>
  <system-out/>
  <testcase name="customerRegister" time="46.469" classname="customer.CustomerRegister"/>
  <system-out/>
  <testcase name="customerRegister" time="47.061" classname="customer.CustomerRegister"/>
  <system-out/>
</testsuite> <!-- customer.CustomerRegister -->
